<?xml version="1.0" encoding="UTF-8"?>
<!-- Generated by org.testng.reporters.JUnitReportReporter -->
<testsuite hostname="LAPTOP-LRF84BSB" failures="0" tests="5" name="com.spotify.outh2.tests.PlayListTests" time="36.688" errors="0" timestamp="2024-09-24T08:23:04 IST" skipped="0">
  <testcase classname="com.spotify.outh2.tests.PlayListTests" name="shouldNotBeAbleToCreatePlayListWithoutName" time="7.596"/>
  <testcase classname="com.spotify.outh2.tests.PlayListTests" name="shouldNotBeAbleToCreatePlayListWithInvalidToken" time="5.906"/>
  <testcase classname="com.spotify.outh2.tests.PlayListTests" name="shouldBeAbleToGetPlayList" time="7.697"/>
  <testcase classname="com.spotify.outh2.tests.PlayListTests" name="shouldBeAbleToCreatePlayList" time="7.760"/>
  <testcase classname="com.spotify.outh2.tests.PlayListTests" name="shouldBeAbleToUpdatePlayList" time="7.729"/>
</testsuite> <!-- com.spotify.outh2.tests.PlayListTests -->
